[04:41:45] [ServerMain/INFO]: Environment: Environment[accountsHost=https://api.mojang.com, sessionHost=https://sessionserver.mojang.com, servicesHost=https://api.minecraftservices.com, name=PROD]
[04:41:45] [ServerMain/INFO]: Found new data pack file/bukkit, loading it automatically
[04:41:48] [ServerMain/INFO]: Loaded 7 recipes
[04:41:49] [Server thread/INFO]: Starting minecraft server version 1.20.2
[04:41:49] [Server thread/INFO]: Loading properties
[04:41:49] [Server thread/INFO]: This server is running CraftBukkit version 3919-Spigot-dba3cdc-e42510b (MC: 1.20.2) (Implementing API version 1.20.2-R0.1-SNAPSHOT)
[04:41:50] [Server thread/INFO]: Server Ping Player Sample Count: 12
[04:41:50] [Server thread/INFO]: Using 4 threads for Netty based IO
[04:41:50] [Server thread/INFO]: Debug logging is disabled
[04:41:50] [Server thread/INFO]: Default game type: SURVIVAL
[04:41:50] [Server thread/INFO]: Generating keypair
[04:41:50] [Server thread/INFO]: Starting Minecraft server on *:25565
[04:41:50] [Server thread/INFO]: Using epoll channel type
[04:41:50] [Server thread/ERROR]: Could not load 'plugins/via.jar' in folder 'plugins'
org.bukkit.plugin.InvalidDescriptionException: Invalid plugin.yml
	at org.bukkit.plugin.java.JavaPluginLoader.getPluginDescription(JavaPluginLoader.java:170) ~[spigot-api-1.20.2-R0.1-SNAPSHOT.jar:?]
	at org.bukkit.plugin.SimplePluginManager.loadPlugins(SimplePluginManager.java:144) ~[spigot-api-1.20.2-R0.1-SNAPSHOT.jar:?]
	at org.bukkit.craftbukkit.v1_20_R2.CraftServer.loadPlugins(CraftServer.java:437) ~[spigot-1.20.2-R0.1-SNAPSHOT.jar:3919-Spigot-dba3cdc-e42510b]
	at net.minecraft.server.dedicated.DedicatedServer.e(DedicatedServer.java:219) ~[spigot-1.20.2-R0.1-SNAPSHOT.jar:3919-Spigot-dba3cdc-e42510b]
	at net.minecraft.server.MinecraftServer.w(MinecraftServer.java:954) ~[spigot-1.20.2-R0.1-SNAPSHOT.jar:3919-Spigot-dba3cdc-e42510b]
	at net.minecraft.server.MinecraftServer.lambda$0(MinecraftServer.java:298) ~[spigot-1.20.2-R0.1-SNAPSHOT.jar:3919-Spigot-dba3cdc-e42510b]
	at java.lang.Thread.run(Thread.java:1583) ~[?:?]
Caused by: java.io.FileNotFoundException: Jar does not contain plugin.yml
	... 7 more
[04:41:50] [Server thread/INFO]: [ViaVersion] Loading ViaVersion v4.8.1
[04:41:50] [Server thread/INFO]: [ViaVersion] ViaVersion 4.8.1 is now loaded. Registering protocol transformers and injecting...
[04:41:51] [Via-Mappingloader-0/INFO]: [ViaVersion] Loading block connection mappings ...
[04:41:51] [Server thread/INFO]: [ViaBackwards] Loading translations...
[04:41:51] [Server thread/INFO]: [ViaBackwards] Registering protocols...
[04:41:51] [Via-Mappingloader-0/INFO]: [ViaVersion] Using FastUtil Long2ObjectOpenHashMap for block connections
[04:41:52] [Server thread/INFO]: [ViaBackwards] Loading ViaBackwards v4.8.1
[04:41:52] [Server thread/WARN]: **** SERVER IS RUNNING IN OFFLINE/INSECURE MODE!
[04:41:52] [Server thread/WARN]: The server will make no attempt to authenticate usernames. Beware.
[04:41:52] [Server thread/WARN]: While this makes the game possible to play without internet access, it also opens up the ability for hackers to connect with any username they choose.
[04:41:52] [Server thread/WARN]: To change this, set "online-mode" to "true" in the server.properties file.
[04:41:52] [Server thread/INFO]: Preparing level "world"
[04:41:52] [Server thread/INFO]: -------- World Settings For [world] --------
[04:41:52] [Server thread/INFO]: Arrow Despawn Rate: 1200 Trident Respawn Rate:1200
[04:41:52] [Server thread/INFO]: View Distance: 10
[04:41:52] [Server thread/INFO]: Simulation Distance: 10
[04:41:52] [Server thread/INFO]: Allow Zombie Pigmen to spawn from portal blocks: true
[04:41:52] [Server thread/INFO]: Item Despawn Rate: 6000
[04:41:52] [Server thread/INFO]: Item Merge Radius: 2.5
[04:41:52] [Server thread/INFO]: Zombie Aggressive Towards Villager: true
[04:41:52] [Server thread/INFO]: Nerfing mobs spawned from spawners: false
[04:41:52] [Server thread/INFO]: Experience Merge Radius: 3.0
[04:41:52] [Server thread/INFO]: Mob Spawn Range: 6
[04:41:52] [Server thread/INFO]: Custom Map Seeds:  Village: 10387312 Desert: 14357617 Igloo: 14357618 Jungle: 14357619 Swamp: 14357620 Monument: 10387313 Ocean: 14357621 Shipwreck: 165745295 End City: 10387313 Slime: 987234911 Nether: 30084232 Mansion: 10387319 Fossil: 14357921 Portal: 34222645
[04:41:52] [Server thread/INFO]: Max TNT Explosions: 100
[04:41:52] [Server thread/INFO]: Tile Max Tick Time: 50ms Entity max Tick Time: 50ms
[04:41:52] [Server thread/INFO]: Cactus Growth Modifier: 100%
[04:41:52] [Server thread/INFO]: Cane Growth Modifier: 100%
[04:41:52] [Server thread/INFO]: Melon Growth Modifier: 100%
[04:41:52] [Server thread/INFO]: Mushroom Growth Modifier: 100%
[04:41:52] [Server thread/INFO]: Pumpkin Growth Modifier: 100%
[04:41:52] [Server thread/INFO]: Sapling Growth Modifier: 100%
[04:41:52] [Server thread/INFO]: Beetroot Growth Modifier: 100%
[04:41:52] [Server thread/INFO]: Carrot Growth Modifier: 100%
[04:41:52] [Server thread/INFO]: Potato Growth Modifier: 100%
[04:41:52] [Server thread/INFO]: Wheat Growth Modifier: 100%
[04:41:52] [Server thread/INFO]: NetherWart Growth Modifier: 100%
[04:41:52] [Server thread/INFO]: Vine Growth Modifier: 100%
[04:41:52] [Server thread/INFO]: Cocoa Growth Modifier: 100%
[04:41:52] [Server thread/INFO]: Bamboo Growth Modifier: 100%
[04:41:52] [Server thread/INFO]: SweetBerry Growth Modifier: 100%
[04:41:52] [Server thread/INFO]: Kelp Growth Modifier: 100%
[04:41:52] [Server thread/INFO]: TwistingVines Growth Modifier: 100%
[04:41:52] [Server thread/INFO]: WeepingVines Growth Modifier: 100%
[04:41:52] [Server thread/INFO]: CaveVines Growth Modifier: 100%
[04:41:52] [Server thread/INFO]: Entity Activation Range: An 32 / Mo 32 / Ra 48 / Mi 16 / Tiv true / Isa false
[04:41:52] [Server thread/INFO]: Entity Tracking Range: Pl 48 / An 48 / Mo 48 / Mi 32 / Di 128 / Other 64
[04:41:52] [Server thread/INFO]: Hopper Transfer: 8 Hopper Check: 1 Hopper Amount: 1 Hopper Can Load Chunks: false
[04:42:07] [Server thread/INFO]: -------- World Settings For [world_nether] --------
[04:42:07] [Server thread/INFO]: Arrow Despawn Rate: 1200 Trident Respawn Rate:1200
[04:42:07] [Server thread/INFO]: View Distance: 10
[04:42:07] [Server thread/INFO]: Simulation Distance: 10
[04:42:07] [Server thread/INFO]: Allow Zombie Pigmen to spawn from portal blocks: true
[04:42:07] [Server thread/INFO]: Item Despawn Rate: 6000
[04:42:07] [Server thread/INFO]: Item Merge Radius: 2.5
[04:42:07] [Server thread/INFO]: Zombie Aggressive Towards Villager: true
[04:42:07] [Server thread/INFO]: Nerfing mobs spawned from spawners: false
[04:42:07] [Server thread/INFO]: Experience Merge Radius: 3.0
[04:42:07] [Server thread/INFO]: Mob Spawn Range: 6
[04:42:07] [Server thread/INFO]: Custom Map Seeds:  Village: 10387312 Desert: 14357617 Igloo: 14357618 Jungle: 14357619 Swamp: 14357620 Monument: 10387313 Ocean: 14357621 Shipwreck: 165745295 End City: 10387313 Slime: 987234911 Nether: 30084232 Mansion: 10387319 Fossil: 14357921 Portal: 34222645
[04:42:07] [Server thread/INFO]: Max TNT Explosions: 100
[04:42:07] [Server thread/INFO]: Tile Max Tick Time: 50ms Entity max Tick Time: 50ms
[04:42:07] [Server thread/INFO]: Cactus Growth Modifier: 100%
[04:42:07] [Server thread/INFO]: Cane Growth Modifier: 100%
[04:42:07] [Server thread/INFO]: Melon Growth Modifier: 100%
[04:42:07] [Server thread/INFO]: Mushroom Growth Modifier: 100%
[04:42:07] [Server thread/INFO]: Pumpkin Growth Modifier: 100%
[04:42:07] [Server thread/INFO]: Sapling Growth Modifier: 100%
[04:42:07] [Server thread/INFO]: Beetroot Growth Modifier: 100%
[04:42:07] [Server thread/INFO]: Carrot Growth Modifier: 100%
[04:42:07] [Server thread/INFO]: Potato Growth Modifier: 100%
[04:42:07] [Server thread/INFO]: Wheat Growth Modifier: 100%
[04:42:07] [Server thread/INFO]: NetherWart Growth Modifier: 100%
[04:42:07] [Server thread/INFO]: Vine Growth Modifier: 100%
[04:42:07] [Server thread/INFO]: Cocoa Growth Modifier: 100%
[04:42:07] [Server thread/INFO]: Bamboo Growth Modifier: 100%
[04:42:07] [Server thread/INFO]: SweetBerry Growth Modifier: 100%
[04:42:07] [Server thread/INFO]: Kelp Growth Modifier: 100%
[04:42:07] [Server thread/INFO]: TwistingVines Growth Modifier: 100%
[04:42:07] [Server thread/INFO]: WeepingVines Growth Modifier: 100%
[04:42:07] [Server thread/INFO]: CaveVines Growth Modifier: 100%
[04:42:07] [Server thread/INFO]: Entity Activation Range: An 32 / Mo 32 / Ra 48 / Mi 16 / Tiv true / Isa false
[04:42:07] [Server thread/INFO]: Entity Tracking Range: Pl 48 / An 48 / Mo 48 / Mi 32 / Di 128 / Other 64
[04:42:07] [Server thread/INFO]: Hopper Transfer: 8 Hopper Check: 1 Hopper Amount: 1 Hopper Can Load Chunks: false
[04:42:11] [Server thread/INFO]: -------- World Settings For [world_the_end] --------
[04:42:11] [Server thread/INFO]: Arrow Despawn Rate: 1200 Trident Respawn Rate:1200
[04:42:11] [Server thread/INFO]: View Distance: 10
[04:42:11] [Server thread/INFO]: Simulation Distance: 10
[04:42:11] [Server thread/INFO]: Allow Zombie Pigmen to spawn from portal blocks: true
[04:42:11] [Server thread/INFO]: Item Despawn Rate: 6000
[04:42:11] [Server thread/INFO]: Item Merge Radius: 2.5
[04:42:11] [Server thread/INFO]: Zombie Aggressive Towards Villager: true
[04:42:11] [Server thread/INFO]: Nerfing mobs spawned from spawners: false
[04:42:11] [Server thread/INFO]: Experience Merge Radius: 3.0
[04:42:11] [Server thread/INFO]: Mob Spawn Range: 6
[04:42:11] [Server thread/INFO]: Custom Map Seeds:  Village: 10387312 Desert: 14357617 Igloo: 14357618 Jungle: 14357619 Swamp: 14357620 Monument: 10387313 Ocean: 14357621 Shipwreck: 165745295 End City: 10387313 Slime: 987234911 Nether: 30084232 Mansion: 10387319 Fossil: 14357921 Portal: 34222645
[04:42:11] [Server thread/INFO]: Max TNT Explosions: 100
[04:42:11] [Server thread/INFO]: Tile Max Tick Time: 50ms Entity max Tick Time: 50ms
[04:42:11] [Server thread/INFO]: Cactus Growth Modifier: 100%
[04:42:11] [Server thread/INFO]: Cane Growth Modifier: 100%
[04:42:11] [Server thread/INFO]: Melon Growth Modifier: 100%
[04:42:11] [Server thread/INFO]: Mushroom Growth Modifier: 100%
[04:42:11] [Server thread/INFO]: Pumpkin Growth Modifier: 100%
[04:42:11] [Server thread/INFO]: Sapling Growth Modifier: 100%
[04:42:11] [Server thread/INFO]: Beetroot Growth Modifier: 100%
[04:42:11] [Server thread/INFO]: Carrot Growth Modifier: 100%
[04:42:11] [Server thread/INFO]: Potato Growth Modifier: 100%
[04:42:11] [Server thread/INFO]: Wheat Growth Modifier: 100%
[04:42:11] [Server thread/INFO]: NetherWart Growth Modifier: 100%
[04:42:11] [Server thread/INFO]: Vine Growth Modifier: 100%
[04:42:11] [Server thread/INFO]: Cocoa Growth Modifier: 100%
[04:42:11] [Server thread/INFO]: Bamboo Growth Modifier: 100%
[04:42:11] [Server thread/INFO]: SweetBerry Growth Modifier: 100%
[04:42:11] [Server thread/INFO]: Kelp Growth Modifier: 100%
[04:42:11] [Server thread/INFO]: TwistingVines Growth Modifier: 100%
[04:42:11] [Server thread/INFO]: WeepingVines Growth Modifier: 100%
[04:42:11] [Server thread/INFO]: CaveVines Growth Modifier: 100%
[04:42:11] [Server thread/INFO]: Entity Activation Range: An 32 / Mo 32 / Ra 48 / Mi 16 / Tiv true / Isa false
[04:42:11] [Server thread/INFO]: Entity Tracking Range: Pl 48 / An 48 / Mo 48 / Mi 32 / Di 128 / Other 64
[04:42:11] [Server thread/INFO]: Hopper Transfer: 8 Hopper Check: 1 Hopper Amount: 1 Hopper Can Load Chunks: false
[04:42:12] [Server thread/INFO]: Preparing start region for dimension minecraft:overworld
[04:42:13] [Worker-Main-1/INFO]: Preparing spawn area: 0%
[04:42:13] [Worker-Main-1/INFO]: Preparing spawn area: 0%
[04:42:13] [Worker-Main-1/INFO]: Preparing spawn area: 0%
[04:42:13] [Worker-Main-1/INFO]: Preparing spawn area: 0%
[04:42:14] [Worker-Main-1/INFO]: Preparing spawn area: 0%
[04:42:14] [Worker-Main-1/INFO]: Preparing spawn area: 0%
[04:42:15] [Worker-Main-1/INFO]: Preparing spawn area: 0%
[04:42:15] [Worker-Main-1/INFO]: Preparing spawn area: 0%
[04:42:16] [Worker-Main-1/INFO]: Preparing spawn area: 0%
[04:42:16] [Worker-Main-1/INFO]: Preparing spawn area: 0%
[04:42:17] [Worker-Main-1/INFO]: Preparing spawn area: 0%
[04:42:17] [Worker-Main-1/INFO]: Preparing spawn area: 0%
[04:42:18] [Worker-Main-1/INFO]: Preparing spawn area: 0%
[04:42:18] [Worker-Main-1/INFO]: Preparing spawn area: 0%
[04:42:19] [Worker-Main-1/INFO]: Preparing spawn area: 0%
[04:42:19] [Worker-Main-1/INFO]: Preparing spawn area: 0%
[04:42:20] [Worker-Main-1/INFO]: Preparing spawn area: 0%
[04:42:20] [Worker-Main-1/INFO]: Preparing spawn area: 0%
[04:42:21] [Worker-Main-1/INFO]: Preparing spawn area: 0%
[04:42:21] [Worker-Main-1/INFO]: Preparing spawn area: 0%
[04:42:22] [Worker-Main-1/INFO]: Preparing spawn area: 0%
[04:42:22] [Worker-Main-1/INFO]: Preparing spawn area: 0%
[04:42:23] [Worker-Main-1/INFO]: Preparing spawn area: 0%
[04:42:23] [Worker-Main-1/INFO]: Preparing spawn area: 0%
[04:42:24] [Worker-Main-1/INFO]: Preparing spawn area: 0%
[04:42:24] [Worker-Main-1/INFO]: Preparing spawn area: 0%
[04:42:25] [Worker-Main-1/INFO]: Preparing spawn area: 0%
[04:42:25] [Worker-Main-1/INFO]: Preparing spawn area: 0%
[04:42:26] [Worker-Main-1/INFO]: Preparing spawn area: 0%
[04:42:26] [Worker-Main-1/INFO]: Preparing spawn area: 0%
[04:42:27] [Worker-Main-1/INFO]: Preparing spawn area: 0%
[04:42:27] [Worker-Main-1/INFO]: Preparing spawn area: 0%
[04:42:28] [Worker-Main-1/INFO]: Preparing spawn area: 0%
[04:42:28] [Worker-Main-1/INFO]: Preparing spawn area: 0%
[04:42:29] [Worker-Main-1/INFO]: Preparing spawn area: 0%
[04:42:29] [Worker-Main-1/INFO]: Preparing spawn area: 0%
[04:42:30] [Worker-Main-1/INFO]: Preparing spawn area: 0%
[04:42:30] [Worker-Main-1/INFO]: Preparing spawn area: 0%
[04:42:31] [Worker-Main-1/INFO]: Preparing spawn area: 0%
[04:42:31] [Worker-Main-1/INFO]: Preparing spawn area: 0%
[04:42:35] [Worker-Main-1/INFO]: Preparing spawn area: 0%
[04:42:35] [Worker-Main-1/INFO]: Preparing spawn area: 0%
[04:42:35] [Worker-Main-1/INFO]: Preparing spawn area: 0%
[04:42:35] [Worker-Main-1/INFO]: Preparing spawn area: 0%
[04:42:35] [Worker-Main-1/INFO]: Preparing spawn area: 0%
[04:42:35] [Worker-Main-1/INFO]: Preparing spawn area: 0%
[04:42:35] [Worker-Main-1/INFO]: Preparing spawn area: 0%
[04:42:35] [Worker-Main-1/INFO]: Preparing spawn area: 0%
[04:42:36] [Worker-Main-1/INFO]: Preparing spawn area: 0%
[04:42:36] [Worker-Main-1/INFO]: Preparing spawn area: 0%
[04:42:37] [Worker-Main-1/INFO]: Preparing spawn area: 0%
[04:42:37] [Worker-Main-1/INFO]: Preparing spawn area: 0%
[04:42:38] [Worker-Main-1/INFO]: Preparing spawn area: 0%
[04:42:38] [Worker-Main-1/INFO]: Preparing spawn area: 0%
[04:42:39] [Worker-Main-1/INFO]: Preparing spawn area: 0%
[04:42:39] [Worker-Main-1/INFO]: Preparing spawn area: 0%
[04:42:40] [Worker-Main-1/INFO]: Preparing spawn area: 0%
[04:42:40] [Worker-Main-1/INFO]: Preparing spawn area: 0%
[04:42:41] [Worker-Main-1/INFO]: Preparing spawn area: 0%
[04:42:41] [Worker-Main-1/INFO]: Preparing spawn area: 0%
[04:42:42] [Worker-Main-1/INFO]: Preparing spawn area: 0%
[04:42:42] [Worker-Main-1/INFO]: Preparing spawn area: 0%
[04:42:43] [Worker-Main-1/INFO]: Preparing spawn area: 0%
[04:42:43] [Worker-Main-1/INFO]: Preparing spawn area: 0%
[04:42:44] [Worker-Main-1/INFO]: Preparing spawn area: 0%
[04:42:44] [Worker-Main-1/INFO]: Preparing spawn area: 0%
[04:42:45] [Worker-Main-1/INFO]: Preparing spawn area: 0%
[04:42:45] [Worker-Main-1/INFO]: Preparing spawn area: 0%
[04:42:46] [Worker-Main-1/INFO]: Preparing spawn area: 0%
[04:42:46] [Worker-Main-1/INFO]: Preparing spawn area: 0%
[04:42:47] [Worker-Main-1/INFO]: Preparing spawn area: 0%
[04:42:47] [Worker-Main-1/INFO]: Preparing spawn area: 0%
[04:42:48] [Worker-Main-1/INFO]: Preparing spawn area: 0%
[04:42:48] [Worker-Main-1/INFO]: Preparing spawn area: 0%
[04:42:49] [Worker-Main-1/INFO]: Preparing spawn area: 0%
[04:42:49] [Worker-Main-1/INFO]: Preparing spawn area: 0%
[04:42:50] [Worker-Main-1/INFO]: Preparing spawn area: 0%
[04:42:50] [Worker-Main-1/INFO]: Preparing spawn area: 0%
[04:42:51] [Worker-Main-1/INFO]: Preparing spawn area: 0%
[04:42:51] [Worker-Main-1/INFO]: Preparing spawn area: 0%
[04:42:52] [Worker-Main-1/INFO]: Preparing spawn area: 0%
[04:42:52] [Worker-Main-1/INFO]: Preparing spawn area: 0%
[04:42:53] [Worker-Main-1/INFO]: Preparing spawn area: 0%
[04:42:53] [Worker-Main-1/INFO]: Preparing spawn area: 0%
[04:42:54] [Worker-Main-1/INFO]: Preparing spawn area: 0%
[04:42:54] [Worker-Main-1/INFO]: Preparing spawn area: 0%
[04:42:55] [Worker-Main-1/INFO]: Preparing spawn area: 0%
[04:42:55] [Worker-Main-1/INFO]: Preparing spawn area: 0%
[04:42:56] [Worker-Main-1/INFO]: Preparing spawn area: 0%
[04:42:56] [Worker-Main-1/INFO]: Preparing spawn area: 0%
[04:42:57] [Worker-Main-1/INFO]: Preparing spawn area: 0%
[04:42:57] [Worker-Main-1/INFO]: Preparing spawn area: 0%
[04:42:58] [Worker-Main-1/INFO]: Preparing spawn area: 0%
[04:42:58] [Worker-Main-1/INFO]: Preparing spawn area: 0%
[04:42:59] [Worker-Main-1/INFO]: Preparing spawn area: 0%
[04:42:59] [Worker-Main-1/INFO]: Preparing spawn area: 0%
[04:43:00] [Worker-Main-1/INFO]: Preparing spawn area: 0%
[04:43:00] [Worker-Main-1/INFO]: Preparing spawn area: 0%
[04:43:01] [Worker-Main-1/INFO]: Preparing spawn area: 0%
[04:43:01] [Worker-Main-1/INFO]: Preparing spawn area: 0%
[04:43:02] [Worker-Main-1/INFO]: Preparing spawn area: 0%
[04:43:02] [Worker-Main-1/INFO]: Preparing spawn area: 0%
[04:43:03] [Worker-Main-1/INFO]: Preparing spawn area: 0%
[04:43:03] [Worker-Main-1/INFO]: Preparing spawn area: 0%
[04:43:04] [Worker-Main-1/INFO]: Preparing spawn area: 0%
[04:43:04] [Worker-Main-1/INFO]: Preparing spawn area: 0%
[04:43:05] [Worker-Main-1/INFO]: Preparing spawn area: 0%
[04:43:05] [Worker-Main-1/INFO]: Preparing spawn area: 0%
[04:43:06] [Worker-Main-1/INFO]: Preparing spawn area: 0%
[04:43:06] [Worker-Main-1/INFO]: Preparing spawn area: 0%
[04:43:07] [Worker-Main-1/INFO]: Preparing spawn area: 0%
[04:43:07] [Worker-Main-1/INFO]: Preparing spawn area: 0%
[04:43:08] [Worker-Main-1/INFO]: Preparing spawn area: 0%
[04:43:08] [Worker-Main-1/INFO]: Preparing spawn area: 0%
[04:43:09] [Worker-Main-1/INFO]: Preparing spawn area: 0%
[04:43:09] [Worker-Main-1/INFO]: Preparing spawn area: 0%
[04:43:10] [Worker-Main-1/INFO]: Preparing spawn area: 0%
[04:43:10] [Worker-Main-1/INFO]: Preparing spawn area: 0%
[04:43:11] [Worker-Main-1/INFO]: Preparing spawn area: 0%
[04:43:11] [Worker-Main-1/INFO]: Preparing spawn area: 0%
[04:43:12] [Worker-Main-1/INFO]: Preparing spawn area: 0%
[04:43:12] [Worker-Main-1/INFO]: Preparing spawn area: 0%
[04:43:13] [Worker-Main-1/INFO]: Preparing spawn area: 0%
[04:43:13] [Worker-Main-1/INFO]: Preparing spawn area: 0%
[04:43:14] [Worker-Main-1/INFO]: Preparing spawn area: 0%
[04:43:14] [Worker-Main-1/INFO]: Preparing spawn area: 0%
[04:43:15] [Worker-Main-1/INFO]: Preparing spawn area: 0%
[04:43:15] [Worker-Main-1/INFO]: Preparing spawn area: 0%
[04:43:16] [Worker-Main-1/INFO]: Preparing spawn area: 0%
[04:43:16] [Worker-Main-1/INFO]: Preparing spawn area: 0%
[04:43:17] [Worker-Main-1/INFO]: Preparing spawn area: 0%
[04:43:17] [Worker-Main-1/INFO]: Preparing spawn area: 0%
[04:43:18] [Worker-Main-1/INFO]: Preparing spawn area: 0%
[04:43:18] [Worker-Main-1/INFO]: Preparing spawn area: 0%
[04:43:19] [Worker-Main-1/INFO]: Preparing spawn area: 0%
[04:43:19] [Worker-Main-1/INFO]: Preparing spawn area: 0%
[04:43:20] [Worker-Main-1/INFO]: Preparing spawn area: 0%
[04:43:20] [Worker-Main-1/INFO]: Preparing spawn area: 0%
[04:43:21] [Worker-Main-1/INFO]: Preparing spawn area: 0%
[04:43:21] [Worker-Main-1/INFO]: Preparing spawn area: 0%
[04:43:23] [Worker-Main-1/INFO]: Preparing spawn area: 4%
[04:43:23] [Worker-Main-1/INFO]: Preparing spawn area: 4%
[04:43:23] [Worker-Main-1/INFO]: Preparing spawn area: 4%
[04:43:23] [Worker-Main-1/INFO]: Preparing spawn area: 4%
[04:43:24] [Worker-Main-1/INFO]: Preparing spawn area: 84%
[04:43:25] [Server thread/INFO]: Time elapsed: 73440 ms
[04:43:25] [Server thread/INFO]: Preparing start region for dimension minecraft:the_nether
[04:43:26] [Worker-Main-1/INFO]: Preparing spawn area: 0%
[04:43:26] [Worker-Main-1/INFO]: Preparing spawn area: 0%
[04:43:26] [Worker-Main-1/INFO]: Preparing spawn area: 0%
[04:43:27] [Worker-Main-1/INFO]: Preparing spawn area: 0%
[04:43:27] [Worker-Main-1/INFO]: Preparing spawn area: 0%
[04:43:28] [Worker-Main-1/INFO]: Preparing spawn area: 0%
[04:43:28] [Worker-Main-1/INFO]: Preparing spawn area: 0%
[04:43:29] [Worker-Main-1/INFO]: Preparing spawn area: 0%
[04:43:29] [Worker-Main-1/INFO]: Preparing spawn area: 0%
[04:43:30] [Worker-Main-1/INFO]: Preparing spawn area: 0%
[04:43:30] [Worker-Main-1/INFO]: Preparing spawn area: 0%
[04:43:31] [Worker-Main-1/INFO]: Preparing spawn area: 0%
[04:43:31] [Worker-Main-1/INFO]: Preparing spawn area: 0%
[04:43:32] [Worker-Main-1/INFO]: Preparing spawn area: 0%
[04:43:32] [Worker-Main-1/INFO]: Preparing spawn area: 0%
[04:43:33] [Worker-Main-1/INFO]: Preparing spawn area: 0%
[04:43:33] [Worker-Main-1/INFO]: Preparing spawn area: 0%
[04:43:34] [Worker-Main-1/INFO]: Preparing spawn area: 0%
[04:43:34] [Worker-Main-1/INFO]: Preparing spawn area: 0%
[04:43:35] [Worker-Main-1/INFO]: Preparing spawn area: 0%
[04:43:35] [Worker-Main-1/INFO]: Preparing spawn area: 0%
[04:43:36] [Worker-Main-1/INFO]: Preparing spawn area: 0%
[04:43:36] [Worker-Main-1/INFO]: Preparing spawn area: 0%
[04:43:37] [Worker-Main-1/INFO]: Preparing spawn area: 0%
[04:43:37] [Worker-Main-1/INFO]: Preparing spawn area: 0%
[04:43:38] [Worker-Main-1/INFO]: Preparing spawn area: 0%
[04:43:38] [Worker-Main-1/INFO]: Preparing spawn area: 0%
[04:43:39] [Worker-Main-1/INFO]: Preparing spawn area: 0%
[04:43:39] [Worker-Main-1/INFO]: Preparing spawn area: 0%
[04:43:40] [Worker-Main-1/INFO]: Preparing spawn area: 0%
[04:43:40] [Worker-Main-1/INFO]: Preparing spawn area: 0%
[04:43:41] [Worker-Main-1/INFO]: Preparing spawn area: 0%
[04:43:41] [Worker-Main-1/INFO]: Preparing spawn area: 0%
[04:43:42] [Worker-Main-1/INFO]: Preparing spawn area: 0%
[04:43:42] [Worker-Main-1/INFO]: Preparing spawn area: 0%
[04:43:43] [Worker-Main-1/INFO]: Preparing spawn area: 0%
[04:43:43] [Worker-Main-1/INFO]: Preparing spawn area: 0%
[04:43:44] [Worker-Main-1/INFO]: Preparing spawn area: 0%
[04:43:44] [Worker-Main-1/INFO]: Preparing spawn area: 0%
[04:43:45] [Worker-Main-1/INFO]: Preparing spawn area: 0%
[04:43:45] [Worker-Main-1/INFO]: Preparing spawn area: 0%
[04:43:46] [Worker-Main-1/INFO]: Preparing spawn area: 0%
[04:43:46] [Worker-Main-1/INFO]: Preparing spawn area: 0%
[04:43:47] [Worker-Main-1/INFO]: Preparing spawn area: 0%
[04:43:47] [Worker-Main-1/INFO]: Preparing spawn area: 0%
[04:43:48] [Worker-Main-1/INFO]: Preparing spawn area: 0%
[04:43:48] [Worker-Main-1/INFO]: Preparing spawn area: 0%
[04:43:49] [Worker-Main-1/INFO]: Preparing spawn area: 0%
[04:43:49] [Worker-Main-1/INFO]: Preparing spawn area: 0%
[04:43:50] [Worker-Main-1/INFO]: Preparing spawn area: 9%
[04:43:50] [Worker-Main-1/INFO]: Preparing spawn area: 84%
[04:43:51] [Server thread/INFO]: Time elapsed: 25400 ms
[04:43:51] [Server thread/INFO]: Preparing start region for dimension minecraft:the_end
[04:43:51] [Worker-Main-1/INFO]: Preparing spawn area: 0%
[04:43:51] [Worker-Main-1/INFO]: Preparing spawn area: 0%
[04:43:52] [Worker-Main-1/INFO]: Preparing spawn area: 0%
[04:43:52] [Worker-Main-1/INFO]: Preparing spawn area: 0%
[04:43:53] [Worker-Main-1/INFO]: Preparing spawn area: 0%
[04:43:53] [Worker-Main-1/INFO]: Preparing spawn area: 0%
[04:43:54] [Worker-Main-1/INFO]: Preparing spawn area: 0%
[04:43:54] [Worker-Main-1/INFO]: Preparing spawn area: 0%
[04:43:55] [Worker-Main-1/INFO]: Preparing spawn area: 0%
[04:43:55] [Worker-Main-1/INFO]: Preparing spawn area: 0%
[04:43:56] [Worker-Main-1/INFO]: Preparing spawn area: 0%
[04:43:56] [Worker-Main-1/INFO]: Preparing spawn area: 0%
[04:43:57] [Worker-Main-1/INFO]: Preparing spawn area: 0%
[04:43:57] [Worker-Main-1/INFO]: Preparing spawn area: 83%
[04:43:57] [Server thread/INFO]: Time elapsed: 6643 ms
[04:43:57] [Server thread/INFO]: [ViaVersion] Enabling ViaVersion v4.8.1
[04:43:57] [Server thread/WARN]: [ViaVersion] Couldn't find reflection methods/fields to access Channel from player.
Login race condition fixer will be disabled.
 Some plugins that use ViaAPI on join event may work incorrectly.
java.lang.NoSuchFieldException: NetworkManager
	at com.viaversion.viaversion.bukkit.listeners.JoinListener.findField(JoinListener.java:80) ~[?:?]
	at com.viaversion.viaversion.bukkit.listeners.JoinListener.<clinit>(JoinListener.java:50) ~[?:?]
	at com.viaversion.viaversion.ViaVersionPlugin.onEnable(ViaVersionPlugin.java:109) ~[?:?]
	at org.bukkit.plugin.java.JavaPlugin.setEnabled(JavaPlugin.java:266) ~[spigot-api-1.20.2-R0.1-SNAPSHOT.jar:?]
	at org.bukkit.plugin.java.JavaPluginLoader.enablePlugin(JavaPluginLoader.java:342) ~[spigot-api-1.20.2-R0.1-SNAPSHOT.jar:?]
	at org.bukkit.plugin.SimplePluginManager.enablePlugin(SimplePluginManager.java:480) ~[spigot-api-1.20.2-R0.1-SNAPSHOT.jar:?]
	at org.bukkit.craftbukkit.v1_20_R2.CraftServer.enablePlugin(CraftServer.java:548) ~[spigot-1.20.2-R0.1-SNAPSHOT.jar:3919-Spigot-dba3cdc-e42510b]
	at org.bukkit.craftbukkit.v1_20_R2.CraftServer.enablePlugins(CraftServer.java:462) ~[spigot-1.20.2-R0.1-SNAPSHOT.jar:3919-Spigot-dba3cdc-e42510b]
	at net.minecraft.server.MinecraftServer.loadWorld0(MinecraftServer.java:577) ~[spigot-1.20.2-R0.1-SNAPSHOT.jar:3919-Spigot-dba3cdc-e42510b]
	at net.minecraft.server.MinecraftServer.loadLevel(MinecraftServer.java:400) ~[spigot-1.20.2-R0.1-SNAPSHOT.jar:3919-Spigot-dba3cdc-e42510b]
	at net.minecraft.server.dedicated.DedicatedServer.e(DedicatedServer.java:250) ~[spigot-1.20.2-R0.1-SNAPSHOT.jar:3919-Spigot-dba3cdc-e42510b]
	at net.minecraft.server.MinecraftServer.w(MinecraftServer.java:954) ~[spigot-1.20.2-R0.1-SNAPSHOT.jar:3919-Spigot-dba3cdc-e42510b]
	at net.minecraft.server.MinecraftServer.lambda$0(MinecraftServer.java:298) ~[spigot-1.20.2-R0.1-SNAPSHOT.jar:3919-Spigot-dba3cdc-e42510b]
	at java.lang.Thread.run(Thread.java:1583) ~[?:?]
[04:43:57] [Server thread/INFO]: [ViaVersion] ViaVersion detected server version: 1.20.2 (764)
[04:43:57] [Server thread/INFO]: [ViaBackwards] Enabling ViaBackwards v4.8.1
[04:43:57] [Server thread/INFO]: Server permissions file permissions.yml is empty, ignoring it
[04:43:57] [Server thread/INFO]: Done (125.621s)! For help, type "help"
[04:43:57] [Craft Scheduler Thread - 1/INFO]: [ViaVersion] Finished mapping loading, shutting down loader executor!
[04:43:58] [Server thread/WARN]: [ViaVersion] There is a newer plugin version available: 4.9.3, you're on: 4.8.1
